<?xml version="1.0" encoding="UTF-8"?>
<!-- Generated by org.testng.reporters.JUnitXMLReporter -->
<testsuite ignored="0" hostname="Nehas-Air.lan" failures="1" tests="2" name="Error Validations Test" time="35.49" errors="0" timestamp="2024-07-11T00:42:42 MDT">
  <testcase classname="seleniumframeworklearning.testcases.ErrorValidationsTest" name="loginErrorValidation" time="2.167">
    <skipped/>
  </testcase> <!-- loginErrorValidation -->
  <testcase classname="seleniumframeworklearning.testcases.ErrorValidationsTest" name="loginErrorValidation" time="2.643">
    <failure type="java.lang.AssertionError" message="expected:&amp;lt;Incorrect email password.&amp;gt; but was:&amp;lt;Incorrect email or password.&amp;gt;">
      <![CDATA[java.lang.AssertionError: expected:<Incorrect email password.> but was:<Incorrect email or password.>
at seleniumframeworklearning.testcases.ErrorValidationsTest.loginErrorValidation(ErrorValidationsTest.java:16)
at java.base/java.util.ArrayList.forEach(ArrayList.java:1596)
at java.base/java.util.concurrent.FutureTask.run(FutureTask.java:317)
at java.base/java.util.concurrent.ThreadPoolExecutor.runWorker(ThreadPoolExecutor.java:1144)
at java.base/java.util.concurrent.ThreadPoolExecutor$Worker.run(ThreadPoolExecutor.java:642)
at java.base/java.lang.Thread.run(Thread.java:1583)
... Removed 17 stack frames]]>
    </failure>
  </testcase> <!-- loginErrorValidation -->
</testsuite> <!-- Error Validations Test -->
