<?xml version="1.0" encoding="UTF-8"?>
<testng-results retried="1" ignored="1" total="6" passed="3" failed="1" skipped="0">
  <reporter-output>
  </reporter-output>
  <suite started-at="2024-07-11T11:00:13 MDT" name="Suite" finished-at="2024-07-11T11:00:58 MDT" duration-ms="44325">
    <groups>
      <group name="ErrorHandling">
        <method signature="ErrorValidationsTest.loginErrorValidation()[pri:0, instance:seleniumframeworklearning.testcases.ErrorValidationsTest@68c9d179]" name="loginErrorValidation" class="seleniumframeworklearning.testcases.ErrorValidationsTest"/>
      </group> <!-- ErrorHandling -->
      <group name="Purchase">
        <method signature="SubmitSingleProductOrderTest.singleProductSubmitOrderTest(java.util.HashMap)[pri:0, instance:seleniumframeworklearning.testcases.SubmitSingleProductOrderTest@72035809]" name="singleProductSubmitOrderTest" class="seleniumframeworklearning.testcases.SubmitSingleProductOrderTest"/>
      </group> <!-- Purchase -->
    </groups>
    <test started-at="2024-07-11T11:00:13 MDT" name="Error Validations Test" finished-at="2024-07-11T11:00:37 MDT" duration-ms="24003">
      <class name="seleniumframeworklearning.testcases.ErrorValidationsTest">
        <test-method is-config="true" signature="launchApplication()[pri:0, instance:seleniumframeworklearning.testcases.ErrorValidationsTest@68c9d179]" started-at="2024-07-11T11:00:13 MDT" name="launchApplication" finished-at="2024-07-11T11:00:24 MDT" duration-ms="10918" status="PASS">
          <reporter-output>
          </reporter-output>
        </test-method> <!-- launchApplication -->
        <test-method retried="true" signature="loginErrorValidation()[pri:0, instance:seleniumframeworklearning.testcases.ErrorValidationsTest@68c9d179]" started-at="2024-07-11T11:00:24 MDT" name="loginErrorValidation" finished-at="2024-07-11T11:00:26 MDT" duration-ms="1789" status="SKIP">
          <exception class="java.lang.AssertionError">
            <message>
              <![CDATA[expected:<Incorrect email password.> but was:<Incorrect email or password.>]]>
            </message>
            <full-stacktrace>
              <![CDATA[java.lang.AssertionError: expected:<Incorrect email password.> but was:<Incorrect email or password.>
at org.testng.AssertJUnit.assertEquals(AssertJUnit.java:115)
at org.testng.AssertJUnit.assertEquals(AssertJUnit.java:125)
at seleniumframeworklearning.testcases.ErrorValidationsTest.loginErrorValidation(ErrorValidationsTest.java:16)
at java.base/jdk.internal.reflect.DirectMethodHandleAccessor.invoke(DirectMethodHandleAccessor.java:103)
at java.base/java.lang.reflect.Method.invoke(Method.java:580)
at org.testng.internal.invokers.MethodInvocationHelper.invokeMethod(MethodInvocationHelper.java:141)
at org.testng.internal.invokers.TestInvoker.invokeMethod(TestInvoker.java:686)
at org.testng.internal.invokers.TestInvoker.invokeTestMethod(TestInvoker.java:230)
at org.testng.internal.invokers.MethodRunner.runInSequence(MethodRunner.java:63)
at org.testng.internal.invokers.TestInvoker$MethodInvocationAgent.invoke(TestInvoker.java:992)
at org.testng.internal.invokers.TestInvoker.invokeTestMethods(TestInvoker.java:203)
at org.testng.internal.invokers.TestMethodWorker.invokeTestMethods(TestMethodWorker.java:154)
at org.testng.internal.invokers.TestMethodWorker.run(TestMethodWorker.java:134)
at java.base/java.util.ArrayList.forEach(ArrayList.java:1596)
at org.testng.TestRunner.privateRun(TestRunner.java:739)
at org.testng.TestRunner.run(TestRunner.java:614)
at org.testng.SuiteRunner.runTest(SuiteRunner.java:421)
at org.testng.SuiteRunner$SuiteWorker.run(SuiteRunner.java:463)
at org.testng.internal.thread.ThreadUtil.lambda$execute$0(ThreadUtil.java:64)
at java.base/java.util.concurrent.FutureTask.run(FutureTask.java:317)
at java.base/java.util.concurrent.ThreadPoolExecutor.runWorker(ThreadPoolExecutor.java:1144)
at java.base/java.util.concurrent.ThreadPoolExecutor$Worker.run(ThreadPoolExecutor.java:642)
at java.base/java.lang.Thread.run(Thread.java:1583)
]]>
            </full-stacktrace>
          </exception> <!-- java.lang.AssertionError -->
          <reporter-output>
          </reporter-output>
        </test-method> <!-- loginErrorValidation -->
        <test-method is-config="true" signature="tearDown()[pri:0, instance:seleniumframeworklearning.testcases.ErrorValidationsTest@68c9d179]" started-at="2024-07-11T11:00:26 MDT" name="tearDown" finished-at="2024-07-11T11:00:26 MDT" duration-ms="302" status="PASS">
          <reporter-output>
          </reporter-output>
        </test-method> <!-- tearDown -->
        <test-method is-config="true" signature="launchApplication()[pri:0, instance:seleniumframeworklearning.testcases.ErrorValidationsTest@68c9d179]" started-at="2024-07-11T11:00:26 MDT" name="launchApplication" finished-at="2024-07-11T11:00:34 MDT" duration-ms="8015" status="PASS">
          <reporter-output>
          </reporter-output>
        </test-method> <!-- launchApplication -->
        <test-method signature="loginErrorValidation()[pri:0, instance:seleniumframeworklearning.testcases.ErrorValidationsTest@68c9d179]" started-at="2024-07-11T11:00:34 MDT" name="loginErrorValidation" finished-at="2024-07-11T11:00:36 MDT" duration-ms="1586" status="FAIL">
          <exception class="java.lang.AssertionError">
            <message>
              <![CDATA[expected:<Incorrect email password.> but was:<Incorrect email or password.>]]>
            </message>
            <full-stacktrace>
              <![CDATA[java.lang.AssertionError: expected:<Incorrect email password.> but was:<Incorrect email or password.>
at org.testng.AssertJUnit.assertEquals(AssertJUnit.java:115)
at org.testng.AssertJUnit.assertEquals(AssertJUnit.java:125)
at seleniumframeworklearning.testcases.ErrorValidationsTest.loginErrorValidation(ErrorValidationsTest.java:16)
at java.base/jdk.internal.reflect.DirectMethodHandleAccessor.invoke(DirectMethodHandleAccessor.java:103)
at java.base/java.lang.reflect.Method.invoke(Method.java:580)
at org.testng.internal.invokers.MethodInvocationHelper.invokeMethod(MethodInvocationHelper.java:141)
at org.testng.internal.invokers.TestInvoker.invokeMethod(TestInvoker.java:686)
at org.testng.internal.invokers.TestInvoker.retryFailed(TestInvoker.java:269)
at org.testng.internal.invokers.MethodRunner.runInSequence(MethodRunner.java:76)
at org.testng.internal.invokers.TestInvoker$MethodInvocationAgent.invoke(TestInvoker.java:992)
at org.testng.internal.invokers.TestInvoker.invokeTestMethods(TestInvoker.java:203)
at org.testng.internal.invokers.TestMethodWorker.invokeTestMethods(TestMethodWorker.java:154)
at org.testng.internal.invokers.TestMethodWorker.run(TestMethodWorker.java:134)
at java.base/java.util.ArrayList.forEach(ArrayList.java:1596)
at org.testng.TestRunner.privateRun(TestRunner.java:739)
at org.testng.TestRunner.run(TestRunner.java:614)
at org.testng.SuiteRunner.runTest(SuiteRunner.java:421)
at org.testng.SuiteRunner$SuiteWorker.run(SuiteRunner.java:463)
at org.testng.internal.thread.ThreadUtil.lambda$execute$0(ThreadUtil.java:64)
at java.base/java.util.concurrent.FutureTask.run(FutureTask.java:317)
at java.base/java.util.concurrent.ThreadPoolExecutor.runWorker(ThreadPoolExecutor.java:1144)
at java.base/java.util.concurrent.ThreadPoolExecutor$Worker.run(ThreadPoolExecutor.java:642)
at java.base/java.lang.Thread.run(Thread.java:1583)
]]>
            </full-stacktrace>
          </exception> <!-- java.lang.AssertionError -->
          <reporter-output>
          </reporter-output>
        </test-method> <!-- loginErrorValidation -->
        <test-method is-config="true" signature="tearDown()[pri:0, instance:seleniumframeworklearning.testcases.ErrorValidationsTest@68c9d179]" started-at="2024-07-11T11:00:37 MDT" name="tearDown" finished-at="2024-07-11T11:00:37 MDT" duration-ms="180" status="PASS">
          <reporter-output>
          </reporter-output>
        </test-method> <!-- tearDown -->
      </class> <!-- seleniumframeworklearning.testcases.ErrorValidationsTest -->
    </test> <!-- Error Validations Test -->
    <test started-at="2024-07-11T11:00:13 MDT" name="Submit Order Test" finished-at="2024-07-11T11:00:58 MDT" duration-ms="44325">
      <class name="seleniumframeworklearning.testcases.SubmitSingleProductOrderTest">
        <test-method is-config="true" signature="launchApplication()[pri:0, instance:seleniumframeworklearning.testcases.SubmitSingleProductOrderTest@72035809]" started-at="2024-07-11T11:00:14 MDT" name="launchApplication" finished-at="2024-07-11T11:00:24 MDT" duration-ms="10351" status="PASS">
          <reporter-output>
          </reporter-output>
        </test-method> <!-- launchApplication -->
        <test-method signature="singleProductSubmitOrderTest(java.util.HashMap)[pri:0, instance:seleniumframeworklearning.testcases.SubmitSingleProductOrderTest@72035809]" started-at="2024-07-11T11:00:24 MDT" name="singleProductSubmitOrderTest" data-provider="getData" finished-at="2024-07-11T11:00:32 MDT" duration-ms="8114" status="PASS">
          <params>
            <param index="0">
              <value>
                <![CDATA[{password=Neh@1994, product=Zara Coat 3, email=mohitbhambri2024@gmail.com}]]>
              </value>
            </param>
          </params>
          <reporter-output>
          </reporter-output>
        </test-method> <!-- singleProductSubmitOrderTest -->
        <test-method is-config="true" signature="tearDown()[pri:0, instance:seleniumframeworklearning.testcases.SubmitSingleProductOrderTest@72035809]" started-at="2024-07-11T11:00:32 MDT" name="tearDown" finished-at="2024-07-11T11:00:33 MDT" duration-ms="160" status="PASS">
          <reporter-output>
          </reporter-output>
        </test-method> <!-- tearDown -->
        <test-method is-config="true" signature="launchApplication()[pri:0, instance:seleniumframeworklearning.testcases.SubmitSingleProductOrderTest@72035809]" started-at="2024-07-11T11:00:33 MDT" name="launchApplication" finished-at="2024-07-11T11:00:41 MDT" duration-ms="8698" status="PASS">
          <reporter-output>
          </reporter-output>
        </test-method> <!-- launchApplication -->
        <test-method signature="singleProductSubmitOrderTest(java.util.HashMap)[pri:0, instance:seleniumframeworklearning.testcases.SubmitSingleProductOrderTest@72035809]" started-at="2024-07-11T11:00:41 MDT" name="singleProductSubmitOrderTest" data-provider="getData" finished-at="2024-07-11T11:00:49 MDT" duration-ms="7189" status="PASS">
          <params>
            <param index="0">
              <value>
                <![CDATA[{password=Neh@1994, product=IPHONE 13 PRO, email=mohitbhambri0622@gmail.com}]]>
              </value>
            </param>
          </params>
          <reporter-output>
          </reporter-output>
        </test-method> <!-- singleProductSubmitOrderTest -->
        <test-method is-config="true" signature="tearDown()[pri:0, instance:seleniumframeworklearning.testcases.SubmitSingleProductOrderTest@72035809]" started-at="2024-07-11T11:00:49 MDT" name="tearDown" finished-at="2024-07-11T11:00:49 MDT" duration-ms="124" status="PASS">
          <reporter-output>
          </reporter-output>
        </test-method> <!-- tearDown -->
        <test-method is-config="true" signature="launchApplication()[pri:0, instance:seleniumframeworklearning.testcases.SubmitSingleProductOrderTest@72035809]" started-at="2024-07-11T11:00:49 MDT" name="launchApplication" finished-at="2024-07-11T11:00:56 MDT" duration-ms="7355" status="PASS">
          <reporter-output>
          </reporter-output>
        </test-method> <!-- launchApplication -->
        <test-method signature="singleProductOrderHistoryTest()[pri:0, instance:seleniumframeworklearning.testcases.SubmitSingleProductOrderTest@72035809]" started-at="2024-07-11T11:00:56 MDT" name="singleProductOrderHistoryTest" finished-at="2024-07-11T11:00:58 MDT" depends-on-methods="seleniumframeworklearning.testcases.SubmitSingleProductOrderTest.singleProductSubmitOrderTest" duration-ms="1505" status="PASS">
          <reporter-output>
          </reporter-output>
        </test-method> <!-- singleProductOrderHistoryTest -->
        <test-method is-config="true" signature="tearDown()[pri:0, instance:seleniumframeworklearning.testcases.SubmitSingleProductOrderTest@72035809]" started-at="2024-07-11T11:00:58 MDT" name="tearDown" finished-at="2024-07-11T11:00:58 MDT" duration-ms="158" status="PASS">
          <reporter-output>
          </reporter-output>
        </test-method> <!-- tearDown -->
      </class> <!-- seleniumframeworklearning.testcases.SubmitSingleProductOrderTest -->
    </test> <!-- Submit Order Test -->
  </suite> <!-- Suite -->
</testng-results>
